# JRE version: OpenJDK Runtime Environment Microsoft-8035246 (17.0.8+7) (build 17.0.8+7-LTS)
# Java VM: OpenJDK 64-Bit Server VM Microsoft-8035246 (17.0.8+7-LTS, mixed mode, sharing, tiered, compressed oops, compressed class ptrs, g1 gc, windows-amd64)
GC Precious Log:
 CPUs: 12 total, 12 available
 Memory: 16110M
 Large Page Support: Disabled
 NUMA Support: Disabled
 Compressed Oops: Enabled (32-bit)
 Heap Region Size: 1M
 Heap Min Capacity: 8M
 Heap Initial Capacity: 252M
 Heap Max Capacity: 2G
 Pre-touch: Disabled
 Parallel Workers: 10
 Concurrent Workers: 3
 Concurrent Refinement Workers: 10
 Periodic GC: Disabled
Heap:
 garbage-first heap   total 286720K, used 184699K [0x0000000080000000, 0x0000000100000000)
  region size 1024K, 37 young (37888K), 8 survivors (8192K)
 Metaspace       used 105796K, committed 106816K, reserved 557056K
  class space    used 14746K, committed 15232K, reserved 425984K
GC Heap History (20 events):
Event: 10.397 GC heap before
{Heap before GC invocations=27 (full 0):
 garbage-first heap   total 132096K, used 112498K [0x0000000080000000, 0x0000000100000000)
  region size 1024K, 38 young (38912K), 1 survivors (1024K)
 Metaspace       used 73459K, committed 74176K, reserved 491520K
  class space    used 10265K, committed 10560K, reserved 425984K
}
Event: 10.400 GC heap after
{Heap after GC invocations=28 (full 0):
 garbage-first heap   total 132096K, used 81101K [0x0000000080000000, 0x0000000100000000)
  region size 1024K, 5 young (5120K), 5 survivors (5120K)
 Metaspace       used 73459K, committed 74176K, reserved 491520K
  class space    used 10265K, committed 10560K, reserved 425984K
}
Event: 10.608 GC heap before
{Heap before GC invocations=29 (full 0):
 garbage-first heap   total 143360K, used 105677K [0x0000000080000000, 0x0000000100000000)
  region size 1024K, 30 young (30720K), 5 survivors (5120K)
 Metaspace       used 75523K, committed 76224K, reserved 557056K
  class space    used 10496K, committed 10816K, reserved 425984K
}
Event: 10.609 GC heap after
{Heap after GC invocations=30 (full 0):
 garbage-first heap   total 143360K, used 82850K [0x0000000080000000, 0x0000000100000000)
  region size 1024K, 2 young (2048K), 2 survivors (2048K)
 Metaspace       used 75523K, committed 76224K, reserved 557056K
  class space    used 10496K, committed 10816K, reserved 425984K
}
Event: 10.865 GC heap before
{Heap before GC invocations=30 (full 0):
 garbage-first heap   total 143360K, used 117666K [0x0000000080000000, 0x0000000100000000)
  region size 1024K, 32 young (32768K), 2 survivors (2048K)
 Metaspace       used 78458K, committed 79232K, reserved 557056K
  class space    used 10838K, committed 11200K, reserved 425984K
}
Event: 10.868 GC heap after
{Heap after GC invocations=31 (full 0):
 garbage-first heap   total 286720K, used 89228K [0x0000000080000000, 0x0000000100000000)
  region size 1024K, 4 young (4096K), 4 survivors (4096K)
 Metaspace       used 78458K, committed 79232K, reserved 557056K
  class space    used 10838K, committed 11200K, reserved 425984K
}
Event: 11.611 GC heap before
{Heap before GC invocations=31 (full 0):
 garbage-first heap   total 286720K, used 198796K [0x0000000080000000, 0x0000000100000000)
  region size 1024K, 109 young (111616K), 4 survivors (4096K)
 Metaspace       used 84756K, committed 85568K, reserved 557056K
  class space    used 11683K, committed 12032K, reserved 425984K
}
Event: 11.616 GC heap after
{Heap after GC invocations=32 (full 0):
 garbage-first heap   total 286720K, used 92300K [0x0000000080000000, 0x0000000100000000)
  region size 1024K, 10 young (10240K), 10 survivors (10240K)
 Metaspace       used 84756K, committed 85568K, reserved 557056K
  class space    used 11683K, committed 12032K, reserved 425984K
}
Event: 14.942 GC heap before
{Heap before GC invocations=32 (full 0):
 garbage-first heap   total 286720K, used 204940K [0x0000000080000000, 0x0000000100000000)
  region size 1024K, 120 young (122880K), 10 survivors (10240K)
 Metaspace       used 90036K, committed 90816K, reserved 557056K
  class space    used 12572K, committed 12928K, reserved 425984K
}
Event: 14.948 GC heap after
{Heap after GC invocations=33 (full 0):
 garbage-first heap   total 286720K, used 97165K [0x0000000080000000, 0x0000000100000000)
  region size 1024K, 12 young (12288K), 12 survivors (12288K)
 Metaspace       used 90036K, committed 90816K, reserved 557056K
  class space    used 12572K, committed 12928K, reserved 425984K
}
Event: 15.889 GC heap before
{Heap before GC invocations=33 (full 0):
 garbage-first heap   total 286720K, used 216973K [0x0000000080000000, 0x0000000100000000)
  region size 1024K, 124 young (126976K), 12 survivors (12288K)
 Metaspace       used 94961K, committed 95808K, reserved 557056K
  class space    used 13284K, committed 13696K, reserved 425984K
}
Event: 15.899 GC heap after
{Heap after GC invocations=34 (full 0):
 garbage-first heap   total 286720K, used 118051K [0x0000000080000000, 0x0000000100000000)
  region size 1024K, 16 young (16384K), 16 survivors (16384K)
 Metaspace       used 94961K, committed 95808K, reserved 557056K
  class space    used 13284K, committed 13696K, reserved 425984K
}
Event: 16.721 GC heap before
{Heap before GC invocations=34 (full 0):
 garbage-first heap   total 286720K, used 215331K [0x0000000080000000, 0x0000000100000000)
  region size 1024K, 111 young (113664K), 16 survivors (16384K)
 Metaspace       used 99441K, committed 100416K, reserved 557056K
  class space    used 13912K, committed 14400K, reserved 425984K
}
Event: 16.731 GC heap after
{Heap after GC invocations=35 (full 0):
 garbage-first heap   total 286720K, used 132096K [0x0000000080000000, 0x0000000100000000)
  region size 1024K, 13 young (13312K), 13 survivors (13312K)
 Metaspace       used 99441K, committed 100416K, reserved 557056K
  class space    used 13912K, committed 14400K, reserved 425984K
}
Event: 17.476 GC heap before
{Heap before GC invocations=35 (full 0):
 garbage-first heap   total 286720K, used 220160K [0x0000000080000000, 0x0000000100000000)
  region size 1024K, 99 young (101376K), 13 survivors (13312K)
 Metaspace       used 103863K, committed 104768K, reserved 557056K
  class space    used 14430K, committed 14848K, reserved 425984K
}
Event: 17.483 GC heap after
{Heap after GC invocations=36 (full 0):
 garbage-first heap   total 286720K, used 141109K [0x0000000080000000, 0x0000000100000000)
  region size 1024K, 9 young (9216K), 9 survivors (9216K)
 Metaspace       used 103863K, committed 104768K, reserved 557056K
  class space    used 14430K, committed 14848K, reserved 425984K
}
Event: 17.923 GC heap before
{Heap before GC invocations=36 (full 0):
 garbage-first heap   total 286720K, used 223029K [0x0000000080000000, 0x0000000100000000)
  region size 1024K, 90 young (92160K), 9 survivors (9216K)
 Metaspace       used 105380K, committed 106304K, reserved 557056K
  class space    used 14702K, committed 15168K, reserved 425984K
}
Event: 17.931 GC heap after
{Heap after GC invocations=37 (full 0):
 garbage-first heap   total 286720K, used 148457K [0x0000000080000000, 0x0000000100000000)
  region size 1024K, 7 young (7168K), 7 survivors (7168K)
 Metaspace       used 105380K, committed 106304K, reserved 557056K
  class space    used 14702K, committed 15168K, reserved 425984K
}
Event: 18.258 GC heap before
{Heap before GC invocations=37 (full 0):
 garbage-first heap   total 286720K, used 228329K [0x0000000080000000, 0x0000000100000000)
  region size 1024K, 86 young (88064K), 7 survivors (7168K)
 Metaspace       used 105761K, committed 106752K, reserved 557056K
  class space    used 14746K, committed 15232K, reserved 425984K
}
Event: 18.265 GC heap after
{Heap after GC invocations=38 (full 0):
 garbage-first heap   total 286720K, used 156027K [0x0000000080000000, 0x0000000100000000)
  region size 1024K, 8 young (8192K), 8 survivors (8192K)
 Metaspace       used 105761K, committed 106752K, reserved 557056K
  class space    used 14746K, committed 15232K, reserved 425984K
}

